#-----------------------------------------------------------
# Vivado v2019.1 (64-bit)
# SW Build 2552052 on Fri May 24 14:49:42 MDT 2019
# IP Build 2548770 on Fri May 24 18:01:18 MDT 2019
# Start of session at: Fri Mar 31 18:10:14 2023
# Process ID: 18916
# Current directory: D:/COD/ALU
# Command line: vivado.exe -gui_launcher_event rodinguilauncherevent11296 D:\COD\ALU\ALU.xpr
# Log file: D:/COD/ALU/vivado.log
# Journal file: D:/COD/ALU\vivado.jou
#-----------------------------------------------------------
start_gui
open_project D:/COD/ALU/ALU.xpr
Scanning sources...
Finished scanning sources
INFO: [IP_Flow 19-234] Refreshing IP repositories
INFO: [IP_Flow 19-1704] No user IP repositories specified
INFO: [IP_Flow 19-2313] Loaded Vivado IP repository 'D:/Vivado/Vivado/2019.1/data/ip'.
exit
INFO: [Common 17-206] Exiting Vivado at Fri Mar 31 18:10:35 2023...
